  [1m[36m (151.4ms)[0m  [1mCREATE TABLE "schema_migrations" ("version" varchar(255) NOT NULL) [0m
  [1m[35m (145.0ms)[0m  CREATE UNIQUE INDEX "unique_schema_migrations" ON "schema_migrations" ("version")
  [1m[36m (0.2ms)[0m  [1mSELECT version FROM "schema_migrations"[0m
  [1m[35m (155.9ms)[0m  INSERT INTO "schema_migrations" (version) VALUES ('0')
  [1m[36m (211.4ms)[0m  [1mCREATE TABLE "schema_migrations" ("version" varchar(255) NOT NULL) [0m
  [1m[35m (155.7ms)[0m  CREATE UNIQUE INDEX "unique_schema_migrations" ON "schema_migrations" ("version")
  [1m[36mActiveRecord::SchemaMigration Load (0.1ms)[0m  [1mSELECT "schema_migrations".* FROM "schema_migrations"[0m
Migrating to CreateContacts (20130531105637)
  [1m[35m (0.1ms)[0m  begin transaction
  [1m[36m (0.5ms)[0m  [1mCREATE TABLE "contacts" ("id" INTEGER PRIMARY KEY AUTOINCREMENT NOT NULL, "firstname" varchar(255), "lastname" varchar(255), "email" varchar(255), "created_at" datetime, "updated_at" datetime) [0m
  [1m[35mSQL (0.3ms)[0m  INSERT INTO "schema_migrations" ("version") VALUES (?)  [["version", "20130531105637"]]
  [1m[36m (195.7ms)[0m  [1mcommit transaction[0m
Migrating to CreatePhones (20130602215408)
  [1m[35m (0.2ms)[0m  begin transaction
  [1m[36m (0.6ms)[0m  [1mCREATE TABLE "phones" ("id" INTEGER PRIMARY KEY AUTOINCREMENT NOT NULL, "contact_id" integer, "phone" varchar(255), "phone_type" varchar(255), "created_at" datetime, "updated_at" datetime) [0m
  [1m[35m (0.4ms)[0m  CREATE INDEX "index_phones_on_contact_id" ON "phones" ("contact_id")
  [1m[36mSQL (0.3ms)[0m  [1mINSERT INTO "schema_migrations" ("version") VALUES (?)[0m  [["version", "20130602215408"]]
  [1m[35m (194.6ms)[0m  commit transaction
Migrating to CreateUsers (20130604024251)
  [1m[36m (0.2ms)[0m  [1mbegin transaction[0m
  [1m[35m (0.7ms)[0m  CREATE TABLE "users" ("id" INTEGER PRIMARY KEY AUTOINCREMENT NOT NULL, "email" varchar(255), "password_digest" varchar(255), "created_at" datetime, "updated_at" datetime) 
  [1m[36mSQL (0.6ms)[0m  [1mINSERT INTO "schema_migrations" ("version") VALUES (?)[0m  [["version", "20130604024251"]]
  [1m[35m (207.1ms)[0m  commit transaction
Migrating to AddAdminToUsers (20130604031547)
  [1m[36m (0.2ms)[0m  [1mbegin transaction[0m
  [1m[35m (0.7ms)[0m  ALTER TABLE "users" ADD "admin" boolean
  [1m[36mSQL (0.7ms)[0m  [1mINSERT INTO "schema_migrations" ("version") VALUES (?)[0m  [["version", "20130604031547"]]
  [1m[35m (196.0ms)[0m  commit transaction
Migrating to CreateNewsReleases (20130729093458)
  [1m[36m (0.1ms)[0m  [1mbegin transaction[0m
  [1m[35m (0.4ms)[0m  CREATE TABLE "news_releases" ("id" INTEGER PRIMARY KEY AUTOINCREMENT NOT NULL, "title" varchar(255), "released_on" date, "body" text, "created_at" datetime, "updated_at" datetime) 
  [1m[36mSQL (0.5ms)[0m  [1mINSERT INTO "schema_migrations" ("version") VALUES (?)[0m  [["version", "20130729093458"]]
  [1m[35m (197.5ms)[0m  commit transaction
  [1m[36mActiveRecord::SchemaMigration Load (0.2ms)[0m  [1mSELECT "schema_migrations".* FROM "schema_migrations"[0m
  [1m[36mActiveRecord::SchemaMigration Load (0.2ms)[0m  [1mSELECT "schema_migrations".* FROM "schema_migrations"[0m
  [1m[35m (201.2ms)[0m  CREATE TABLE "contacts" ("id" INTEGER PRIMARY KEY AUTOINCREMENT NOT NULL, "firstname" varchar(255), "lastname" varchar(255), "email" varchar(255), "created_at" datetime, "updated_at" datetime) 
  [1m[36m (156.7ms)[0m  [1mCREATE TABLE "news_releases" ("id" INTEGER PRIMARY KEY AUTOINCREMENT NOT NULL, "title" varchar(255), "released_on" date, "body" text, "created_at" datetime, "updated_at" datetime) [0m
  [1m[35m (188.5ms)[0m  CREATE TABLE "phones" ("id" INTEGER PRIMARY KEY AUTOINCREMENT NOT NULL, "contact_id" integer, "phone" varchar(255), "phone_type" varchar(255), "created_at" datetime, "updated_at" datetime) 
  [1m[36m (189.5ms)[0m  [1mCREATE INDEX "index_phones_on_contact_id" ON "phones" ("contact_id")[0m
  [1m[35m (199.3ms)[0m  CREATE TABLE "users" ("id" INTEGER PRIMARY KEY AUTOINCREMENT NOT NULL, "email" varchar(255), "password_digest" varchar(255), "created_at" datetime, "updated_at" datetime, "admin" boolean) 
  [1m[36m (200.4ms)[0m  [1mCREATE TABLE "schema_migrations" ("version" varchar(255) NOT NULL) [0m
  [1m[35m (189.3ms)[0m  CREATE UNIQUE INDEX "unique_schema_migrations" ON "schema_migrations" ("version")
  [1m[36m (0.3ms)[0m  [1mSELECT version FROM "schema_migrations"[0m
  [1m[35m (188.9ms)[0m  INSERT INTO "schema_migrations" (version) VALUES ('20130729093458')
  [1m[36m (189.6ms)[0m  [1mINSERT INTO "schema_migrations" (version) VALUES ('20130604024251')[0m
  [1m[35m (189.8ms)[0m  INSERT INTO "schema_migrations" (version) VALUES ('20130604031547')
  [1m[36m (178.6ms)[0m  [1mINSERT INTO "schema_migrations" (version) VALUES ('20130602215408')[0m
  [1m[35m (180.3ms)[0m  INSERT INTO "schema_migrations" (version) VALUES ('20130531105637')
